<?xml version="1.0" encoding="UTF-8"?>
<!-- Generated by org.testng.reporters.JUnitReportReporter -->
<testsuite hostname="Chaitali" failures="0" tests="1" name="sdet.test.LoginPageTest" time="28.602" errors="0" timestamp="2022-11-04T20:57:03 IST" skipped="0">
  <testcase classname="sdet.test.LoginPageTest" name="ValidateLogin" time="28.602"/>
  <system-out/>
</testsuite> <!-- sdet.test.LoginPageTest -->
